Resource Usage Report
Part: lav_at_e70es1lfg676c-1


Register bits: 4623 of 397440 (1%)
I/O cells:       1246

Details:
CCU2C:          558
DPR16X4A:       13
DPR32X2:        57
FD1P3BX:        32
FD1P3DX:        4172
FD1P3IX:        418
GSRA:           1
IB:             148
IFD1P3BX:       1
INV:            25
LUT4:           8942
OB:             1098
SP16KA:         1
SPR32X2:        4
VHI:            117
VLO:            117
WIDEFN9:        1478
MULTADDSUB18X18A: 2
MULT18X18A:     2

Resource Usage inside macros:
Registers: 0
LUTs: 0
EBRs: 0
DSPs: 0
Distributed RAMs: 0
Carry Chains: 0
Blackboxes: 0

Mapping Summary:
Total number of registers: 4623 + 0 = 4623 of 397440 (1.16%)
Total number of LUTs: 8942 + 0 = 8942 
Total number of EBRs: 1 + 0 = 1 of 990 (0.10%)
Total number of DSPs: 4 + 0 = 4 of 1800 (0.22%)
Total number of Distributed RAMs: 74 + 0 = 74 
Total number of Carry Chains: 558 + 0 = 558 
Total number of BlackBoxes: 235 + 0 = 235 
